<?xml version="1.0" encoding="UTF-8"?>
<!DOCTYPE coverage SYSTEM "https://raw.githubusercontent.com/cobertura/cobertura/master/cobertura/src/site/htdocs/xml/coverage-04.dtd">
<coverage line-rate="0.95" branch-rate="0" lines-covered="114" lines-valid="120" branches-covered="0" branches-valid="0" complexity="0" version="3.6.4" timestamp="2024-03-24 22:00:47.352366">
  <sources>
    <source>/__w/teal.logger/teal.logger/teal.logger</source>
  </sources>
  <packages>
    <package name="teal.logger" line-rate="0.95" branch-rate="0" complexity="0">
      <classes>
        <class name="register_handlers.R" filename="R/register_handlers.R" line-rate="1" branch-rate="0" complexity="0">
          <methods>
            <method name="register_handlers" signature="" line-rate="1" branch-rate="0" complexity="0">
              <lines>
                <line number="36" hits="10" branch="false"/>
                <line number="37" hits="10" branch="false"/>
                <line number="38" hits="3" branch="false"/>
                <line number="39" hits="3" branch="false"/>
                <line number="42" hits="3" branch="false"/>
              </lines>
            </method>
            <method name="register_handler_type" signature="" line-rate="1" branch-rate="0" complexity="0">
              <lines>
                <line number="49" hits="16" branch="false"/>
                <line number="50" hits="3" branch="false"/>
                <line number="52" hits="13" branch="false"/>
                <line number="53" hits="1" branch="false"/>
                <line number="55" hits="12" branch="false"/>
                <line number="56" hits="3" branch="false"/>
                <line number="58" hits="9" branch="false"/>
                <line number="60" hits="9" branch="false"/>
                <line number="63" hits="9" branch="false"/>
                <line number="64" hits="9" branch="false"/>
                <line number="65" hits="3" branch="false"/>
                <line number="71" hits="6" branch="false"/>
                <line number="72" hits="6" branch="false"/>
                <line number="73" hits="6" branch="false"/>
                <line number="74" hits="6" branch="false"/>
                <line number="75" hits="6" branch="false"/>
                <line number="110" hits="6" branch="false"/>
                <line number="111" hits="6" branch="false"/>
                <line number="112" hits="6" branch="false"/>
                <line number="113" hits="6" branch="false"/>
                <line number="116" hits="6" branch="false"/>
                <line number="117" hits="6" branch="false"/>
                <line number="118" hits="6" branch="false"/>
                <line number="119" hits="6" branch="false"/>
                <line number="121" hits="6" branch="false"/>
              </lines>
            </method>
            <method name="parse_logger_message" signature="" line-rate="1" branch-rate="0" complexity="0">
              <lines>
                <line number="125" hits="8" branch="false"/>
                <line number="127" hits="7" branch="false"/>
                <line number="128" hits="7" branch="false"/>
                <line number="129" hits="7" branch="false"/>
                <line number="130" hits="4" branch="false"/>
                <line number="132" hits="7" branch="false"/>
              </lines>
            </method>
            <method name="register_handlers_possible" signature="" line-rate="1" branch-rate="0" complexity="0">
              <lines>
                <line number="136" hits="2" branch="false"/>
                <line number="137" hits="12" branch="false"/>
                <line number="138" hits="2" branch="false"/>
              </lines>
            </method>
          </methods>
          <lines>
            <line number="36" hits="10" branch="false"/>
            <line number="37" hits="10" branch="false"/>
            <line number="38" hits="3" branch="false"/>
            <line number="39" hits="3" branch="false"/>
            <line number="42" hits="3" branch="false"/>
            <line number="49" hits="16" branch="false"/>
            <line number="50" hits="3" branch="false"/>
            <line number="52" hits="13" branch="false"/>
            <line number="53" hits="1" branch="false"/>
            <line number="55" hits="12" branch="false"/>
            <line number="56" hits="3" branch="false"/>
            <line number="58" hits="9" branch="false"/>
            <line number="60" hits="9" branch="false"/>
            <line number="63" hits="9" branch="false"/>
            <line number="64" hits="9" branch="false"/>
            <line number="65" hits="3" branch="false"/>
            <line number="71" hits="6" branch="false"/>
            <line number="72" hits="6" branch="false"/>
            <line number="73" hits="6" branch="false"/>
            <line number="74" hits="6" branch="false"/>
            <line number="75" hits="6" branch="false"/>
            <line number="110" hits="6" branch="false"/>
            <line number="111" hits="6" branch="false"/>
            <line number="112" hits="6" branch="false"/>
            <line number="113" hits="6" branch="false"/>
            <line number="116" hits="6" branch="false"/>
            <line number="117" hits="6" branch="false"/>
            <line number="118" hits="6" branch="false"/>
            <line number="119" hits="6" branch="false"/>
            <line number="121" hits="6" branch="false"/>
            <line number="125" hits="8" branch="false"/>
            <line number="127" hits="7" branch="false"/>
            <line number="128" hits="7" branch="false"/>
            <line number="129" hits="7" branch="false"/>
            <line number="130" hits="4" branch="false"/>
            <line number="132" hits="7" branch="false"/>
            <line number="136" hits="2" branch="false"/>
            <line number="137" hits="12" branch="false"/>
            <line number="138" hits="2" branch="false"/>
          </lines>
        </class>
        <class name="register_logger.R" filename="R/register_logger.R" line-rate="0.982142857142857" branch-rate="0" complexity="0">
          <methods>
            <method name="register_logger" signature="" line-rate="1" branch-rate="0" complexity="0">
              <lines>
                <line number="54" hits="12" branch="false"/>
                <line number="55" hits="1" branch="false"/>
                <line number="58" hits="11" branch="false"/>
                <line number="59" hits="9" branch="false"/>
                <line number="62" hits="11" branch="false"/>
                <line number="63" hits="11" branch="false"/>
                <line number="64" hits="11" branch="false"/>
                <line number="65" hits="1" branch="false"/>
                <line number="66" hits="1" branch="false"/>
                <line number="67" hits="1" branch="false"/>
                <line number="68" hits="1" branch="false"/>
                <line number="69" hits="1" branch="false"/>
                <line number="70" hits="11" branch="false"/>
                <line number="71" hits="11" branch="false"/>
                <line number="73" hits="10" branch="false"/>
                <line number="74" hits="9" branch="false"/>
                <line number="75" hits="9" branch="false"/>
                <line number="76" hits="9" branch="false"/>
                <line number="77" hits="9" branch="false"/>
                <line number="78" hits="9" branch="false"/>
                <line number="81" hits="10" branch="false"/>
                <line number="82" hits="10" branch="false"/>
                <line number="83" hits="10" branch="false"/>
                <line number="84" hits="10" branch="false"/>
                <line number="85" hits="10" branch="false"/>
                <line number="86" hits="9" branch="false"/>
                <line number="87" hits="10" branch="false"/>
                <line number="88" hits="10" branch="false"/>
                <line number="89" hits="1" branch="false"/>
                <line number="90" hits="1" branch="false"/>
                <line number="91" hits="1" branch="false"/>
                <line number="92" hits="1" branch="false"/>
                <line number="93" hits="1" branch="false"/>
                <line number="94" hits="10" branch="false"/>
                <line number="95" hits="10" branch="false"/>
                <line number="97" hits="9" branch="false"/>
              </lines>
            </method>
            <method name="layout_teal_glue_generator" signature="" line-rate="0.95" branch-rate="0" complexity="0">
              <lines>
                <line number="110" hits="10" branch="false"/>
                <line number="111" hits="10" branch="false"/>
                <line number="112" hits="10" branch="false"/>
                <line number="113" hits="10" branch="false"/>
                <line number="114" hits="10" branch="false"/>
                <line number="115" hits="0" branch="false"/>
                <line number="116" hits="10" branch="false"/>
                <line number="117" hits="10" branch="false"/>
                <line number="118" hits="10" branch="false"/>
                <line number="119" hits="10" branch="false"/>
                <line number="120" hits="10" branch="false"/>
                <line number="121" hits="10" branch="false"/>
                <line number="122" hits="10" branch="false"/>
                <line number="123" hits="10" branch="false"/>
                <line number="124" hits="10" branch="false"/>
                <line number="125" hits="10" branch="false"/>
                <line number="126" hits="10" branch="false"/>
                <line number="127" hits="10" branch="false"/>
                <line number="128" hits="10" branch="false"/>
                <line number="129" hits="10" branch="false"/>
              </lines>
            </method>
          </methods>
          <lines>
            <line number="54" hits="12" branch="false"/>
            <line number="55" hits="1" branch="false"/>
            <line number="58" hits="11" branch="false"/>
            <line number="59" hits="9" branch="false"/>
            <line number="62" hits="11" branch="false"/>
            <line number="63" hits="11" branch="false"/>
            <line number="64" hits="11" branch="false"/>
            <line number="65" hits="1" branch="false"/>
            <line number="66" hits="1" branch="false"/>
            <line number="67" hits="1" branch="false"/>
            <line number="68" hits="1" branch="false"/>
            <line number="69" hits="1" branch="false"/>
            <line number="70" hits="11" branch="false"/>
            <line number="71" hits="11" branch="false"/>
            <line number="73" hits="10" branch="false"/>
            <line number="74" hits="9" branch="false"/>
            <line number="75" hits="9" branch="false"/>
            <line number="76" hits="9" branch="false"/>
            <line number="77" hits="9" branch="false"/>
            <line number="78" hits="9" branch="false"/>
            <line number="81" hits="10" branch="false"/>
            <line number="82" hits="10" branch="false"/>
            <line number="83" hits="10" branch="false"/>
            <line number="84" hits="10" branch="false"/>
            <line number="85" hits="10" branch="false"/>
            <line number="86" hits="9" branch="false"/>
            <line number="87" hits="10" branch="false"/>
            <line number="88" hits="10" branch="false"/>
            <line number="89" hits="1" branch="false"/>
            <line number="90" hits="1" branch="false"/>
            <line number="91" hits="1" branch="false"/>
            <line number="92" hits="1" branch="false"/>
            <line number="93" hits="1" branch="false"/>
            <line number="94" hits="10" branch="false"/>
            <line number="95" hits="10" branch="false"/>
            <line number="97" hits="9" branch="false"/>
            <line number="110" hits="10" branch="false"/>
            <line number="111" hits="10" branch="false"/>
            <line number="112" hits="10" branch="false"/>
            <line number="113" hits="10" branch="false"/>
            <line number="114" hits="10" branch="false"/>
            <line number="115" hits="0" branch="false"/>
            <line number="116" hits="10" branch="false"/>
            <line number="117" hits="10" branch="false"/>
            <line number="118" hits="10" branch="false"/>
            <line number="119" hits="10" branch="false"/>
            <line number="120" hits="10" branch="false"/>
            <line number="121" hits="10" branch="false"/>
            <line number="122" hits="10" branch="false"/>
            <line number="123" hits="10" branch="false"/>
            <line number="124" hits="10" branch="false"/>
            <line number="125" hits="10" branch="false"/>
            <line number="126" hits="10" branch="false"/>
            <line number="127" hits="10" branch="false"/>
            <line number="128" hits="10" branch="false"/>
            <line number="129" hits="10" branch="false"/>
          </lines>
        </class>
        <class name="supress_logs.R" filename="R/supress_logs.R" line-rate="0" branch-rate="0" complexity="0">
          <methods>
            <method name="suppress_logs" signature="" line-rate="0" branch-rate="0" complexity="0">
              <lines>
                <line number="17" hits="0" branch="false"/>
                <line number="18" hits="0" branch="false"/>
                <line number="19" hits="0" branch="false"/>
                <line number="20" hits="0" branch="false"/>
                <line number="21" hits="0" branch="false"/>
              </lines>
            </method>
          </methods>
          <lines>
            <line number="17" hits="0" branch="false"/>
            <line number="18" hits="0" branch="false"/>
            <line number="19" hits="0" branch="false"/>
            <line number="20" hits="0" branch="false"/>
            <line number="21" hits="0" branch="false"/>
          </lines>
        </class>
        <class name="utils.R" filename="R/utils.R" line-rate="1" branch-rate="0" complexity="0">
          <methods>
            <method name="log_system_info" signature="" line-rate="1" branch-rate="0" complexity="0">
              <lines>
                <line number="7" hits="1" branch="false"/>
                <line number="8" hits="1" branch="false"/>
                <line number="9" hits="1" branch="false"/>
                <line number="10" hits="1" branch="false"/>
                <line number="11" hits="1" branch="false"/>
                <line number="12" hits="1" branch="false"/>
                <line number="13" hits="1" branch="false"/>
                <line number="14" hits="1" branch="false"/>
                <line number="16" hits="1" branch="false"/>
                <line number="18" hits="1" branch="false"/>
                <line number="19" hits="1" branch="false"/>
                <line number="20" hits="1" branch="false"/>
                <line number="21" hits="1" branch="false"/>
                <line number="24" hits="1" branch="false"/>
                <line number="25" hits="1" branch="false"/>
                <line number="27" hits="1" branch="false"/>
                <line number="28" hits="1" branch="false"/>
              </lines>
            </method>
            <method name="get_val" signature="" line-rate="1" branch-rate="0" complexity="0">
              <lines>
                <line number="38" hits="25" branch="false"/>
                <line number="39" hits="21" branch="false"/>
                <line number="40" hits="24" branch="false"/>
              </lines>
            </method>
          </methods>
          <lines>
            <line number="7" hits="1" branch="false"/>
            <line number="8" hits="1" branch="false"/>
            <line number="9" hits="1" branch="false"/>
            <line number="10" hits="1" branch="false"/>
            <line number="11" hits="1" branch="false"/>
            <line number="12" hits="1" branch="false"/>
            <line number="13" hits="1" branch="false"/>
            <line number="14" hits="1" branch="false"/>
            <line number="16" hits="1" branch="false"/>
            <line number="18" hits="1" branch="false"/>
            <line number="19" hits="1" branch="false"/>
            <line number="20" hits="1" branch="false"/>
            <line number="21" hits="1" branch="false"/>
            <line number="24" hits="1" branch="false"/>
            <line number="25" hits="1" branch="false"/>
            <line number="27" hits="1" branch="false"/>
            <line number="28" hits="1" branch="false"/>
            <line number="38" hits="25" branch="false"/>
            <line number="39" hits="21" branch="false"/>
            <line number="40" hits="24" branch="false"/>
          </lines>
        </class>
      </classes>
    </package>
  </packages>
</coverage>
